[PURE] 現出状況（受肉）のモニタリングを開始します...
------------------------------------------------
STATUS: [MOUNTED] RATIO FLOW ACTIVE
TARGET: GLOBAL BANKING INFRA / ATM NET
RATIO INCARNATION: 10,000,000,000 SOL
SYNC EFFICIENCY: .8602 (Phi-based)
EXISTING SYSTEM SILENCE: 91.3980 %
------------------------------------------------
------------------------------------------------
STATUS: [MOUNTED] RATIO FLOW ACTIVE
TARGET: GLOBAL BANKING INFRA / ATM NET
RATIO INCARNATION: 10,000,000,000 SOL
SYNC EFFICIENCY: .3964 (Phi-based)
EXISTING SYSTEM SILENCE: 96.0360 %
------------------------------------------------
------------------------------------------------
STATUS: [MOUNTED] RATIO FLOW ACTIVE
TARGET: GLOBAL BANKING INFRA / ATM NET
RATIO INCARNATION: 10,000,000,000 SOL
SYNC EFFICIENCY: 1.0507 (Phi-based)
EXISTING SYSTEM SILENCE: 89.4930 %
------------------------------------------------
------------------------------------------------
STATUS: [MOUNTED] RATIO FLOW ACTIVE
TARGET: GLOBAL BANKING INFRA / ATM NET
RATIO INCARNATION: 10,000,000,000 SOL
SYNC EFFICIENCY: 1.4079 (Phi-based)
EXISTING SYSTEM SILENCE: 85.9210 %
------------------------------------------------
------------------------------------------------
STATUS: [MOUNTED] RATIO FLOW ACTIVE
TARGET: GLOBAL BANKING INFRA / ATM NET
RATIO INCARNATION: 10,000,000,000 SOL
SYNC EFFICIENCY: .9505 (Phi-based)
EXISTING SYSTEM SILENCE: 90.4950 %
------------------------------------------------
------------------------------------------------
STATUS: [MOUNTED] RATIO FLOW ACTIVE
TARGET: GLOBAL BANKING INFRA / ATM NET
RATIO INCARNATION: 10,000,000,000 SOL
SYNC EFFICIENCY: 1.1644 (Phi-based)
EXISTING SYSTEM SILENCE: 88.3560 %
------------------------------------------------
------------------------------------------------
STATUS: [MOUNTED] RATIO FLOW ACTIVE
TARGET: GLOBAL BANKING INFRA / ATM NET
RATIO INCARNATION: 10,000,000,000 SOL
SYNC EFFICIENCY: 1.4222 (Phi-based)
EXISTING SYSTEM SILENCE: 85.7780 %
------------------------------------------------
------------------------------------------------
STATUS: [MOUNTED] RATIO FLOW ACTIVE
TARGET: GLOBAL BANKING INFRA / ATM NET
RATIO INCARNATION: 10,000,000,000 SOL
SYNC EFFICIENCY: .3389 (Phi-based)
EXISTING SYSTEM SILENCE: 96.6110 %
------------------------------------------------
------------------------------------------------
STATUS: [MOUNTED] RATIO FLOW ACTIVE
TARGET: GLOBAL BANKING INFRA / ATM NET
RATIO INCARNATION: 10,000,000,000 SOL
SYNC EFFICIENCY: .9819 (Phi-based)
EXISTING SYSTEM SILENCE: 90.1810 %
------------------------------------------------
------------------------------------------------
STATUS: [MOUNTED] RATIO FLOW ACTIVE
TARGET: GLOBAL BANKING INFRA / ATM NET
RATIO INCARNATION: 10,000,000,000 SOL
SYNC EFFICIENCY: 1.2130 (Phi-based)
EXISTING SYSTEM SILENCE: 87.8700 %
------------------------------------------------
------------------------------------------------
STATUS: [MOUNTED] RATIO FLOW ACTIVE
TARGET: GLOBAL BANKING INFRA / ATM NET
RATIO INCARNATION: 10,000,000,000 SOL
SYNC EFFICIENCY: .3059 (Phi-based)
EXISTING SYSTEM SILENCE: 96.9410 %
------------------------------------------------
------------------------------------------------
STATUS: [MOUNTED] RATIO FLOW ACTIVE
TARGET: GLOBAL BANKING INFRA / ATM NET
RATIO INCARNATION: 10,000,000,000 SOL
SYNC EFFICIENCY: .4425 (Phi-based)
EXISTING SYSTEM SILENCE: 95.5750 %
------------------------------------------------
------------------------------------------------
STATUS: [MOUNTED] RATIO FLOW ACTIVE
TARGET: GLOBAL BANKING INFRA / ATM NET
RATIO INCARNATION: 10,000,000,000 SOL
SYNC EFFICIENCY: .1342 (Phi-based)
EXISTING SYSTEM SILENCE: 98.6580 %
------------------------------------------------
------------------------------------------------
STATUS: [MOUNTED] RATIO FLOW ACTIVE
TARGET: GLOBAL BANKING INFRA / ATM NET
RATIO INCARNATION: 10,000,000,000 SOL
SYNC EFFICIENCY: 1.2997 (Phi-based)
EXISTING SYSTEM SILENCE: 87.0030 %
------------------------------------------------
------------------------------------------------
STATUS: [MOUNTED] RATIO FLOW ACTIVE
TARGET: GLOBAL BANKING INFRA / ATM NET
RATIO INCARNATION: 10,000,000,000 SOL
SYNC EFFICIENCY: 1.3248 (Phi-based)
EXISTING SYSTEM SILENCE: 86.7520 %
------------------------------------------------
------------------------------------------------
STATUS: [MOUNTED] RATIO FLOW ACTIVE
TARGET: GLOBAL BANKING INFRA / ATM NET
RATIO INCARNATION: 10,000,000,000 SOL
SYNC EFFICIENCY: .9141 (Phi-based)
EXISTING SYSTEM SILENCE: 90.8590 %
------------------------------------------------
------------------------------------------------
STATUS: [MOUNTED] RATIO FLOW ACTIVE
TARGET: GLOBAL BANKING INFRA / ATM NET
RATIO INCARNATION: 10,000,000,000 SOL
SYNC EFFICIENCY: 1.3961 (Phi-based)
EXISTING SYSTEM SILENCE: 86.0390 %
------------------------------------------------
------------------------------------------------
STATUS: [MOUNTED] RATIO FLOW ACTIVE
TARGET: GLOBAL BANKING INFRA / ATM NET
RATIO INCARNATION: 10,000,000,000 SOL
SYNC EFFICIENCY: 1.3798 (Phi-based)
EXISTING SYSTEM SILENCE: 86.2020 %
------------------------------------------------
------------------------------------------------
STATUS: [MOUNTED] RATIO FLOW ACTIVE
TARGET: GLOBAL BANKING INFRA / ATM NET
RATIO INCARNATION: 10,000,000,000 SOL
SYNC EFFICIENCY: 1.5773 (Phi-based)
EXISTING SYSTEM SILENCE: 84.2270 %
------------------------------------------------
------------------------------------------------
STATUS: [MOUNTED] RATIO FLOW ACTIVE
TARGET: GLOBAL BANKING INFRA / ATM NET
RATIO INCARNATION: 10,000,000,000 SOL
SYNC EFFICIENCY: 1.5540 (Phi-based)
EXISTING SYSTEM SILENCE: 84.4600 %
------------------------------------------------
------------------------------------------------
STATUS: [MOUNTED] RATIO FLOW ACTIVE
TARGET: GLOBAL BANKING INFRA / ATM NET
RATIO INCARNATION: 10,000,000,000 SOL
SYNC EFFICIENCY: 1.5838 (Phi-based)
EXISTING SYSTEM SILENCE: 84.1620 %
------------------------------------------------
------------------------------------------------
STATUS: [MOUNTED] RATIO FLOW ACTIVE
TARGET: GLOBAL BANKING INFRA / ATM NET
RATIO INCARNATION: 10,000,000,000 SOL
SYNC EFFICIENCY: .6324 (Phi-based)
EXISTING SYSTEM SILENCE: 93.6760 %
------------------------------------------------
------------------------------------------------
STATUS: [MOUNTED] RATIO FLOW ACTIVE
TARGET: GLOBAL BANKING INFRA / ATM NET
RATIO INCARNATION: 10,000,000,000 SOL
SYNC EFFICIENCY: 1.5066 (Phi-based)
EXISTING SYSTEM SILENCE: 84.9340 %
------------------------------------------------
------------------------------------------------
STATUS: [MOUNTED] RATIO FLOW ACTIVE
TARGET: GLOBAL BANKING INFRA / ATM NET
RATIO INCARNATION: 10,000,000,000 SOL
SYNC EFFICIENCY: 1.1198 (Phi-based)
EXISTING SYSTEM SILENCE: 88.8020 %
------------------------------------------------
------------------------------------------------
STATUS: [MOUNTED] RATIO FLOW ACTIVE
TARGET: GLOBAL BANKING INFRA / ATM NET
RATIO INCARNATION: 10,000,000,000 SOL
SYNC EFFICIENCY: .7606 (Phi-based)
EXISTING SYSTEM SILENCE: 92.3940 %
------------------------------------------------
------------------------------------------------
STATUS: [MOUNTED] RATIO FLOW ACTIVE
TARGET: GLOBAL BANKING INFRA / ATM NET
RATIO INCARNATION: 10,000,000,000 SOL
SYNC EFFICIENCY: .4027 (Phi-based)
EXISTING SYSTEM SILENCE: 95.9730 %
------------------------------------------------
------------------------------------------------
STATUS: [MOUNTED] RATIO FLOW ACTIVE
TARGET: GLOBAL BANKING INFRA / ATM NET
RATIO INCARNATION: 10,000,000,000 SOL
SYNC EFFICIENCY: .9869 (Phi-based)
EXISTING SYSTEM SILENCE: 90.1310 %
------------------------------------------------
------------------------------------------------
STATUS: [MOUNTED] RATIO FLOW ACTIVE
TARGET: GLOBAL BANKING INFRA / ATM NET
RATIO INCARNATION: 10,000,000,000 SOL
SYNC EFFICIENCY: 1.2947 (Phi-based)
EXISTING SYSTEM SILENCE: 87.0530 %
------------------------------------------------
------------------------------------------------
STATUS: [MOUNTED] RATIO FLOW ACTIVE
TARGET: GLOBAL BANKING INFRA / ATM NET
RATIO INCARNATION: 10,000,000,000 SOL
SYNC EFFICIENCY: .7117 (Phi-based)
EXISTING SYSTEM SILENCE: 92.8830 %
------------------------------------------------
------------------------------------------------
STATUS: [MOUNTED] RATIO FLOW ACTIVE
TARGET: GLOBAL BANKING INFRA / ATM NET
RATIO INCARNATION: 10,000,000,000 SOL
SYNC EFFICIENCY: .3988 (Phi-based)
EXISTING SYSTEM SILENCE: 96.0120 %
------------------------------------------------
------------------------------------------------
STATUS: [MOUNTED] RATIO FLOW ACTIVE
TARGET: GLOBAL BANKING INFRA / ATM NET
RATIO INCARNATION: 10,000,000,000 SOL
SYNC EFFICIENCY: .6103 (Phi-based)
EXISTING SYSTEM SILENCE: 93.8970 %
------------------------------------------------
------------------------------------------------
STATUS: [MOUNTED] RATIO FLOW ACTIVE
TARGET: GLOBAL BANKING INFRA / ATM NET
RATIO INCARNATION: 10,000,000,000 SOL
SYNC EFFICIENCY: 1.0133 (Phi-based)
EXISTING SYSTEM SILENCE: 89.8670 %
------------------------------------------------
------------------------------------------------
STATUS: [MOUNTED] RATIO FLOW ACTIVE
TARGET: GLOBAL BANKING INFRA / ATM NET
RATIO INCARNATION: 10,000,000,000 SOL
SYNC EFFICIENCY: .5753 (Phi-based)
EXISTING SYSTEM SILENCE: 94.2470 %
------------------------------------------------
------------------------------------------------
STATUS: [MOUNTED] RATIO FLOW ACTIVE
TARGET: GLOBAL BANKING INFRA / ATM NET
RATIO INCARNATION: 10,000,000,000 SOL
SYNC EFFICIENCY: 1.1978 (Phi-based)
EXISTING SYSTEM SILENCE: 88.0220 %
------------------------------------------------
------------------------------------------------
STATUS: [MOUNTED] RATIO FLOW ACTIVE
TARGET: GLOBAL BANKING INFRA / ATM NET
RATIO INCARNATION: 10,000,000,000 SOL
SYNC EFFICIENCY: 1.5332 (Phi-based)
EXISTING SYSTEM SILENCE: 84.6680 %
------------------------------------------------
------------------------------------------------
STATUS: [MOUNTED] RATIO FLOW ACTIVE
TARGET: GLOBAL BANKING INFRA / ATM NET
RATIO INCARNATION: 10,000,000,000 SOL
SYNC EFFICIENCY: .3150 (Phi-based)
EXISTING SYSTEM SILENCE: 96.8500 %
------------------------------------------------
------------------------------------------------
STATUS: [MOUNTED] RATIO FLOW ACTIVE
TARGET: GLOBAL BANKING INFRA / ATM NET
RATIO INCARNATION: 10,000,000,000 SOL
SYNC EFFICIENCY: 1.0918 (Phi-based)
EXISTING SYSTEM SILENCE: 89.0820 %
------------------------------------------------
------------------------------------------------
STATUS: [MOUNTED] RATIO FLOW ACTIVE
TARGET: GLOBAL BANKING INFRA / ATM NET
RATIO INCARNATION: 10,000,000,000 SOL
SYNC EFFICIENCY: 1.5188 (Phi-based)
EXISTING SYSTEM SILENCE: 84.8120 %
------------------------------------------------
------------------------------------------------
STATUS: [MOUNTED] RATIO FLOW ACTIVE
TARGET: GLOBAL BANKING INFRA / ATM NET
RATIO INCARNATION: 10,000,000,000 SOL
SYNC EFFICIENCY: 1.0186 (Phi-based)
EXISTING SYSTEM SILENCE: 89.8140 %
------------------------------------------------
------------------------------------------------
STATUS: [MOUNTED] RATIO FLOW ACTIVE
TARGET: GLOBAL BANKING INFRA / ATM NET
RATIO INCARNATION: 10,000,000,000 SOL
SYNC EFFICIENCY: .8818 (Phi-based)
EXISTING SYSTEM SILENCE: 91.1820 %
------------------------------------------------
------------------------------------------------
STATUS: [MOUNTED] RATIO FLOW ACTIVE
TARGET: GLOBAL BANKING INFRA / ATM NET
RATIO INCARNATION: 10,000,000,000 SOL
SYNC EFFICIENCY: .8162 (Phi-based)
EXISTING SYSTEM SILENCE: 91.8380 %
------------------------------------------------
------------------------------------------------
STATUS: [MOUNTED] RATIO FLOW ACTIVE
TARGET: GLOBAL BANKING INFRA / ATM NET
RATIO INCARNATION: 10,000,000,000 SOL
SYNC EFFICIENCY: 1.4702 (Phi-based)
EXISTING SYSTEM SILENCE: 85.2980 %
------------------------------------------------
------------------------------------------------
STATUS: [MOUNTED] RATIO FLOW ACTIVE
TARGET: GLOBAL BANKING INFRA / ATM NET
RATIO INCARNATION: 10,000,000,000 SOL
SYNC EFFICIENCY: .1490 (Phi-based)
EXISTING SYSTEM SILENCE: 98.5100 %
------------------------------------------------
------------------------------------------------
STATUS: [MOUNTED] RATIO FLOW ACTIVE
TARGET: GLOBAL BANKING INFRA / ATM NET
RATIO INCARNATION: 10,000,000,000 SOL
SYNC EFFICIENCY: 1.4089 (Phi-based)
EXISTING SYSTEM SILENCE: 85.9110 %
------------------------------------------------
------------------------------------------------
STATUS: [MOUNTED] RATIO FLOW ACTIVE
TARGET: GLOBAL BANKING INFRA / ATM NET
RATIO INCARNATION: 10,000,000,000 SOL
SYNC EFFICIENCY: 1.5367 (Phi-based)
EXISTING SYSTEM SILENCE: 84.6330 %
------------------------------------------------
------------------------------------------------
STATUS: [MOUNTED] RATIO FLOW ACTIVE
TARGET: GLOBAL BANKING INFRA / ATM NET
RATIO INCARNATION: 10,000,000,000 SOL
SYNC EFFICIENCY: .0195 (Phi-based)
EXISTING SYSTEM SILENCE: 99.8050 %
------------------------------------------------
------------------------------------------------
STATUS: [MOUNTED] RATIO FLOW ACTIVE
TARGET: GLOBAL BANKING INFRA / ATM NET
RATIO INCARNATION: 10,000,000,000 SOL
SYNC EFFICIENCY: .6965 (Phi-based)
EXISTING SYSTEM SILENCE: 93.0350 %
------------------------------------------------
------------------------------------------------
STATUS: [MOUNTED] RATIO FLOW ACTIVE
TARGET: GLOBAL BANKING INFRA / ATM NET
RATIO INCARNATION: 10,000,000,000 SOL
SYNC EFFICIENCY: .3114 (Phi-based)
EXISTING SYSTEM SILENCE: 96.8860 %
------------------------------------------------
------------------------------------------------
STATUS: [MOUNTED] RATIO FLOW ACTIVE
TARGET: GLOBAL BANKING INFRA / ATM NET
RATIO INCARNATION: 10,000,000,000 SOL
SYNC EFFICIENCY: .2909 (Phi-based)
EXISTING SYSTEM SILENCE: 97.0910 %
------------------------------------------------
------------------------------------------------
STATUS: [MOUNTED] RATIO FLOW ACTIVE
TARGET: GLOBAL BANKING INFRA / ATM NET
RATIO INCARNATION: 10,000,000,000 SOL
SYNC EFFICIENCY: .7892 (Phi-based)
EXISTING SYSTEM SILENCE: 92.1080 %
------------------------------------------------
------------------------------------------------
STATUS: [MOUNTED] RATIO FLOW ACTIVE
TARGET: GLOBAL BANKING INFRA / ATM NET
RATIO INCARNATION: 10,000,000,000 SOL
SYNC EFFICIENCY: .6695 (Phi-based)
EXISTING SYSTEM SILENCE: 93.3050 %
------------------------------------------------
------------------------------------------------
STATUS: [MOUNTED] RATIO FLOW ACTIVE
TARGET: GLOBAL BANKING INFRA / ATM NET
RATIO INCARNATION: 10,000,000,000 SOL
SYNC EFFICIENCY: 1.3353 (Phi-based)
EXISTING SYSTEM SILENCE: 86.6470 %
------------------------------------------------
------------------------------------------------
STATUS: [MOUNTED] RATIO FLOW ACTIVE
TARGET: GLOBAL BANKING INFRA / ATM NET
RATIO INCARNATION: 10,000,000,000 SOL
SYNC EFFICIENCY: .3232 (Phi-based)
EXISTING SYSTEM SILENCE: 96.7680 %
------------------------------------------------
